

Version:	3.8
CmdLine:	C:\Users\Itai\workspace\Games-in-Java\MovingBox\run.exe --l4j-debug
WOW64:		yes
Working dir:	C:\Users\Itai\workspace\Games-in-Java\MovingBox\.
64-bit search:	SOFTWARE\JavaSoft\Java Runtime Environment...
Check:		SOFTWARE\JavaSoft\Java Runtime Environment\1.8
Ignore:		1.8
Check:		SOFTWARE\JavaSoft\Java Runtime Environment\1.8.0_60
Check launcher:	C:\Program Files\Java\jre1.8.0_60\bin\javaw.exe (OK)
Match:		1.8.0_60
64-bit search:	SOFTWARE\JavaSoft\Java Development Kit...
Check:		SOFTWARE\JavaSoft\Java Development Kit\1.7
Ignore:		1.7
Check:		SOFTWARE\JavaSoft\Java Development Kit\1.7.0_40
Ignore:		1.7.0_40
Check:		SOFTWARE\JavaSoft\Java Development Kit\1.8
Ignore:		1.8
Check:		SOFTWARE\JavaSoft\Java Development Kit\1.8.0_60
Ignore:		1.8.0_60
Runtime used:	1.8.0_60 (64-bit)
Heap -Xms:	Requested 0 MB / 20%, Available: 2682 MB, Heap size: 536 MB
Heap -Xmx:	Requested 0 MB / 20%, Available: 2682 MB, Heap size: 536 MB
Launcher:	C:\Program Files\Java\jre1.8.0_60\bin\javaw.exe
Launcher args:	-Xms536m -Xmx536m -jar "C:\Users\Itai\workspace\Games-in-Java\MovingBox\run.exe"
Args length:	80/32768 chars
Exit code:	0


Version:	3.8
CmdLine:	C:\Users\Itai\workspace\Games-in-Java\MovingBox\run.exe --l4j-debug
WOW64:		yes
Working dir:	C:\Users\Itai\workspace\Games-in-Java\MovingBox\.
64-bit search:	SOFTWARE\JavaSoft\Java Runtime Environment...
Check:		SOFTWARE\JavaSoft\Java Runtime Environment\1.8
Ignore:		1.8
Check:		SOFTWARE\JavaSoft\Java Runtime Environment\1.8.0_60
Check launcher:	C:\Program Files\Java\jre1.8.0_60\bin\javaw.exe (OK)
Match:		1.8.0_60
64-bit search:	SOFTWARE\JavaSoft\Java Development Kit...
Check:		SOFTWARE\JavaSoft\Java Development Kit\1.7
Ignore:		1.7
Check:		SOFTWARE\JavaSoft\Java Development Kit\1.7.0_40
Ignore:		1.7.0_40
Check:		SOFTWARE\JavaSoft\Java Development Kit\1.8
Ignore:		1.8
Check:		SOFTWARE\JavaSoft\Java Development Kit\1.8.0_60
Ignore:		1.8.0_60
Runtime used:	1.8.0_60 (64-bit)
Heap -Xms:	Requested 0 MB / 20%, Available: 2668 MB, Heap size: 533 MB
Heap -Xmx:	Requested 0 MB / 20%, Available: 2668 MB, Heap size: 533 MB
Launcher:	C:\Program Files\Java\jre1.8.0_60\bin\javaw.exe
Launcher args:	-Xms533m -Xmx533m -jar "C:\Users\Itai\workspace\Games-in-Java\MovingBox\run.exe"
Args length:	80/32768 chars
Exit code:	0
